2020-04-20 10:37:46.837  INFO 8152 --- [                main] o.s.b.StartupInfoLogger                  (55  line): Starting Application on Tabuyos with PID 8152 (F:\Projects\IDEAWorkspace\tabuyos-spring\Log4j2\build\classes\java\main started by Tabuyos in F:\Projects\IDEAWorkspace\tabuyos-spring)
2020-04-20 10:37:46.843  INFO 8152 --- [                main] o.s.b.SpringApplication                  (651 line): No active profile set, falling back to default profiles: default
2020-04-20 10:37:47.236  INFO 8152 --- [                main] .s.d.r.c.RepositoryConfigurationDelegate (127 line): Bootstrapping Spring Data JPA repositories in DEFAULT mode.
2020-04-20 10:37:47.249  INFO 8152 --- [                main] .s.d.r.c.RepositoryConfigurationDelegate (187 line): Finished Spring Data repository scanning in 8ms. Found 0 JPA repository interfaces.
2020-04-20 10:37:47.575  INFO 8152 --- [                main] o.s.b.w.e.t.TomcatWebServer              (92  line): Tomcat initialized with port(s): 8080 (http)
2020-04-20 10:37:47.581  INFO 8152 --- [                main] o.a.j.l.DirectJDKLog                     (173 line): Initializing ProtocolHandler ["http-nio-8080"]
2020-04-20 10:37:47.582  INFO 8152 --- [                main] o.a.j.l.DirectJDKLog                     (173 line): Starting service [Tomcat]
2020-04-20 10:37:47.582  INFO 8152 --- [                main] o.a.j.l.DirectJDKLog                     (173 line): Starting Servlet engine: [Apache Tomcat/9.0.33]
2020-04-20 10:37:47.656  INFO 8152 --- [                main] o.a.j.l.DirectJDKLog                     (173 line): Initializing Spring embedded WebApplicationContext
2020-04-20 10:37:47.656  INFO 8152 --- [                main] w.s.c.ServletWebServerApplicationContext (284 line): Root WebApplicationContext: initialization completed in 787 ms
2020-04-20 10:37:47.753  INFO 8152 --- [                main] o.h.j.i.u.LogHelper                      (31  line): HHH000204: Processing PersistenceUnitInfo [name: default]
2020-04-20 10:37:47.801  INFO 8152 --- [                main] o.h.Version                              (44  line): HHH000412: Hibernate ORM core version 5.4.12.Final
2020-04-20 10:37:47.926  INFO 8152 --- [                main] o.h.a.c.r.j.JavaReflectionManager        (49  line): HCANN000001: Hibernate Commons Annotations {5.1.0.Final}
2020-04-20 10:37:47.989  INFO 8152 --- [                main] c.z.h.HikariDataSource                   (110 line): HikariPool-1 - Starting...
2020-04-20 10:37:48.020  INFO 8152 --- [                main] c.z.h.HikariDataSource                   (123 line): HikariPool-1 - Start completed.
2020-04-20 10:37:48.032  INFO 8152 --- [                main] o.h.d.Dialect                            (172 line): HHH000400: Using dialect: org.hibernate.dialect.MySQL5Dialect
2020-04-20 10:37:48.138  INFO 8152 --- [                main] o.h.e.t.j.p.i.JtaPlatformInitiator       (52  line): HHH000490: Using JtaPlatform implementation: [org.hibernate.engine.transaction.jta.platform.internal.NoJtaPlatform]
2020-04-20 10:37:48.144  INFO 8152 --- [                main] o.s.o.j.AbstractEntityManagerFactoryBean (416 line): Initialized JPA EntityManagerFactory for persistence unit 'default'
2020-04-20 10:37:48.250  INFO 8152 --- [                main] o.s.s.c.ExecutorConfigurationSupport     (181 line): Initializing ExecutorService 'applicationTaskExecutor'
2020-04-20 10:37:48.372  INFO 8152 --- [                main] o.a.j.l.DirectJDKLog                     (173 line): Starting ProtocolHandler ["http-nio-8080"]
2020-04-20 10:37:48.388  INFO 8152 --- [                main] o.s.b.w.e.t.TomcatWebServer              (204 line): Tomcat started on port(s): 8080 (http) with context path ''
2020-04-20 10:37:48.390  INFO 8152 --- [                main] o.s.b.StartupInfoLogger                  (61  line): Started Application in 1.809 seconds (JVM running for 2.624)
2020-04-20 10:38:09.273  INFO 8152 --- [http-nio-8080-exec-1] o.a.j.l.DirectJDKLog                     (173 line): Initializing Spring DispatcherServlet 'dispatcherServlet'
2020-04-20 10:38:09.273  INFO 8152 --- [http-nio-8080-exec-1] o.s.w.s.FrameworkServlet                 (525 line): Initializing Servlet 'dispatcherServlet'
2020-04-20 10:38:09.277  INFO 8152 --- [http-nio-8080-exec-1] o.s.w.s.FrameworkServlet                 (547 line): Completed initialization in 4 ms
2020-04-20 10:38:09.325  INFO 8152 --- [http-nio-8080-exec-1] c.t.l.c.HelloController                  (42  line): Platform info
2020-04-20 10:38:09.325  WARN 8152 --- [http-nio-8080-exec-1] c.t.l.c.HelloController                  (43  line): Platform warn
2020-04-20 10:38:09.326  INFO 8152 --- [http-nio-8080-exec-1] c.t.l.c.HelloController                  (54  line): Exception info
2020-04-20 10:38:09.326  WARN 8152 --- [http-nio-8080-exec-1] c.t.l.c.HelloController                  (55  line): Exception warn
2020-04-20 10:40:03.027  INFO 19044 --- [                main] o.s.b.StartupInfoLogger                  (55  line): Starting Application on Tabuyos with PID 19044 (F:\Projects\IDEAWorkspace\tabuyos-spring\Log4j2\build\classes\java\main started by Tabuyos in F:\Projects\IDEAWorkspace\tabuyos-spring)
2020-04-20 10:40:03.033  INFO 19044 --- [                main] o.s.b.SpringApplication                  (651 line): No active profile set, falling back to default profiles: default
2020-04-20 10:40:03.405  INFO 19044 --- [                main] .s.d.r.c.RepositoryConfigurationDelegate (127 line): Bootstrapping Spring Data JPA repositories in DEFAULT mode.
2020-04-20 10:40:03.418  INFO 19044 --- [                main] .s.d.r.c.RepositoryConfigurationDelegate (187 line): Finished Spring Data repository scanning in 8ms. Found 0 JPA repository interfaces.
2020-04-20 10:40:03.737  INFO 19044 --- [                main] o.s.b.w.e.t.TomcatWebServer              (92  line): Tomcat initialized with port(s): 8080 (http)
2020-04-20 10:40:03.743  INFO 19044 --- [                main] o.a.j.l.DirectJDKLog                     (173 line): Initializing ProtocolHandler ["http-nio-8080"]
2020-04-20 10:40:03.744  INFO 19044 --- [                main] o.a.j.l.DirectJDKLog                     (173 line): Starting service [Tomcat]
2020-04-20 10:40:03.744  INFO 19044 --- [                main] o.a.j.l.DirectJDKLog                     (173 line): Starting Servlet engine: [Apache Tomcat/9.0.33]
2020-04-20 10:40:03.817  INFO 19044 --- [                main] o.a.j.l.DirectJDKLog                     (173 line): Initializing Spring embedded WebApplicationContext
2020-04-20 10:40:03.818  INFO 19044 --- [                main] w.s.c.ServletWebServerApplicationContext (284 line): Root WebApplicationContext: initialization completed in 757 ms
2020-04-20 10:40:03.915  INFO 19044 --- [                main] o.h.j.i.u.LogHelper                      (31  line): HHH000204: Processing PersistenceUnitInfo [name: default]
2020-04-20 10:40:03.962  INFO 19044 --- [                main] o.h.Version                              (44  line): HHH000412: Hibernate ORM core version 5.4.12.Final
2020-04-20 10:40:04.085  INFO 19044 --- [                main] o.h.a.c.r.j.JavaReflectionManager        (49  line): HCANN000001: Hibernate Commons Annotations {5.1.0.Final}
2020-04-20 10:40:04.147  INFO 19044 --- [                main] c.z.h.HikariDataSource                   (110 line): HikariPool-1 - Starting...
2020-04-20 10:40:04.179  INFO 19044 --- [                main] c.z.h.HikariDataSource                   (123 line): HikariPool-1 - Start completed.
2020-04-20 10:40:04.189  INFO 19044 --- [                main] o.h.d.Dialect                            (172 line): HHH000400: Using dialect: org.hibernate.dialect.MySQL5Dialect
2020-04-20 10:40:04.295  INFO 19044 --- [                main] o.h.e.t.j.p.i.JtaPlatformInitiator       (52  line): HHH000490: Using JtaPlatform implementation: [org.hibernate.engine.transaction.jta.platform.internal.NoJtaPlatform]
2020-04-20 10:40:04.301  INFO 19044 --- [                main] o.s.o.j.AbstractEntityManagerFactoryBean (416 line): Initialized JPA EntityManagerFactory for persistence unit 'default'
2020-04-20 10:40:04.409  INFO 19044 --- [                main] o.s.s.c.ExecutorConfigurationSupport     (181 line): Initializing ExecutorService 'applicationTaskExecutor'
2020-04-20 10:40:04.533  INFO 19044 --- [                main] o.a.j.l.DirectJDKLog                     (173 line): Starting ProtocolHandler ["http-nio-8080"]
2020-04-20 10:40:04.548  INFO 19044 --- [                main] o.s.b.w.e.t.TomcatWebServer              (204 line): Tomcat started on port(s): 8080 (http) with context path ''
2020-04-20 10:40:04.550  INFO 19044 --- [                main] o.s.b.StartupInfoLogger                  (61  line): Started Application in 1.778 seconds (JVM running for 2.594)
2020-04-20 10:40:19.655  INFO 19044 --- [http-nio-8080-exec-1] o.a.j.l.DirectJDKLog                     (173 line): Initializing Spring DispatcherServlet 'dispatcherServlet'
2020-04-20 10:40:19.655  INFO 19044 --- [http-nio-8080-exec-1] o.s.w.s.FrameworkServlet                 (525 line): Initializing Servlet 'dispatcherServlet'
2020-04-20 10:40:19.659  INFO 19044 --- [http-nio-8080-exec-1] o.s.w.s.FrameworkServlet                 (547 line): Completed initialization in 3 ms
2020-04-20 10:40:19.711  INFO 19044 --- [http-nio-8080-exec-1] c.t.l.c.HelloController                  (54  line): Exception info
2020-04-20 10:40:19.711  WARN 19044 --- [http-nio-8080-exec-1] c.t.l.c.HelloController                  (55  line): Exception warn
2020-04-20 10:43:14.321  INFO 1532 --- [                main] o.s.b.StartupInfoLogger                  (55  line): Starting Application on Tabuyos with PID 1532 (F:\Projects\IDEAWorkspace\tabuyos-spring\Log4j2\build\classes\java\main started by Tabuyos in F:\Projects\IDEAWorkspace\tabuyos-spring)
2020-04-20 10:43:14.327  INFO 1532 --- [                main] o.s.b.SpringApplication                  (651 line): No active profile set, falling back to default profiles: default
2020-04-20 10:43:14.694  INFO 1532 --- [                main] .s.d.r.c.RepositoryConfigurationDelegate (127 line): Bootstrapping Spring Data JPA repositories in DEFAULT mode.
2020-04-20 10:43:14.706  INFO 1532 --- [                main] .s.d.r.c.RepositoryConfigurationDelegate (187 line): Finished Spring Data repository scanning in 8ms. Found 0 JPA repository interfaces.
2020-04-20 10:43:15.027  INFO 1532 --- [                main] o.s.b.w.e.t.TomcatWebServer              (92  line): Tomcat initialized with port(s): 8080 (http)
2020-04-20 10:43:15.033  INFO 1532 --- [                main] o.a.j.l.DirectJDKLog                     (173 line): Initializing ProtocolHandler ["http-nio-8080"]
2020-04-20 10:43:15.034  INFO 1532 --- [                main] o.a.j.l.DirectJDKLog                     (173 line): Starting service [Tomcat]
2020-04-20 10:43:15.034  INFO 1532 --- [                main] o.a.j.l.DirectJDKLog                     (173 line): Starting Servlet engine: [Apache Tomcat/9.0.33]
2020-04-20 10:43:15.106  INFO 1532 --- [                main] o.a.j.l.DirectJDKLog                     (173 line): Initializing Spring embedded WebApplicationContext
2020-04-20 10:43:15.106  INFO 1532 --- [                main] w.s.c.ServletWebServerApplicationContext (284 line): Root WebApplicationContext: initialization completed in 753 ms
2020-04-20 10:43:15.203  INFO 1532 --- [                main] o.h.j.i.u.LogHelper                      (31  line): HHH000204: Processing PersistenceUnitInfo [name: default]
2020-04-20 10:43:15.249  INFO 1532 --- [                main] o.h.Version                              (44  line): HHH000412: Hibernate ORM core version 5.4.12.Final
2020-04-20 10:43:15.370  INFO 1532 --- [                main] o.h.a.c.r.j.JavaReflectionManager        (49  line): HCANN000001: Hibernate Commons Annotations {5.1.0.Final}
2020-04-20 10:43:15.433  INFO 1532 --- [                main] c.z.h.HikariDataSource                   (110 line): HikariPool-1 - Starting...
2020-04-20 10:43:15.461  INFO 1532 --- [                main] c.z.h.HikariDataSource                   (123 line): HikariPool-1 - Start completed.
2020-04-20 10:43:15.472  INFO 1532 --- [                main] o.h.d.Dialect                            (172 line): HHH000400: Using dialect: org.hibernate.dialect.MySQL5Dialect
2020-04-20 10:43:15.577  INFO 1532 --- [                main] o.h.e.t.j.p.i.JtaPlatformInitiator       (52  line): HHH000490: Using JtaPlatform implementation: [org.hibernate.engine.transaction.jta.platform.internal.NoJtaPlatform]
2020-04-20 10:43:15.583  INFO 1532 --- [                main] o.s.o.j.AbstractEntityManagerFactoryBean (416 line): Initialized JPA EntityManagerFactory for persistence unit 'default'
2020-04-20 10:43:15.690  INFO 1532 --- [                main] o.s.s.c.ExecutorConfigurationSupport     (181 line): Initializing ExecutorService 'applicationTaskExecutor'
2020-04-20 10:43:15.809  INFO 1532 --- [                main] o.a.j.l.DirectJDKLog                     (173 line): Starting ProtocolHandler ["http-nio-8080"]
2020-04-20 10:43:15.824  INFO 1532 --- [                main] o.s.b.w.e.t.TomcatWebServer              (204 line): Tomcat started on port(s): 8080 (http) with context path ''
2020-04-20 10:43:15.825  INFO 1532 --- [                main] o.s.b.StartupInfoLogger                  (61  line): Started Application in 1.757 seconds (JVM running for 2.56)
2020-04-20 10:43:25.342  INFO 1532 --- [http-nio-8080-exec-1] o.a.j.l.DirectJDKLog                     (173 line): Initializing Spring DispatcherServlet 'dispatcherServlet'
2020-04-20 10:43:25.342  INFO 1532 --- [http-nio-8080-exec-1] o.s.w.s.FrameworkServlet                 (525 line): Initializing Servlet 'dispatcherServlet'
2020-04-20 10:43:25.345  INFO 1532 --- [http-nio-8080-exec-1] o.s.w.s.FrameworkServlet                 (547 line): Completed initialization in 3 ms
2020-04-20 10:43:25.394  INFO 1532 --- [http-nio-8080-exec-1] c.t.l.c.HelloController                  (54  line): Exception info
2020-04-20 10:43:25.394  WARN 1532 --- [http-nio-8080-exec-1] c.t.l.c.HelloController                  (55  line): Exception warn
2020-04-20 11:10:58.349  INFO 3760 --- [                main] o.s.b.StartupInfoLogger                  (55  line): Starting Application on Tabuyos with PID 3760 (F:\Projects\IDEAWorkspace\tabuyos-spring\Log4j2\build\classes\java\main started by Tabuyos in F:\Projects\IDEAWorkspace\tabuyos-spring)
2020-04-20 11:10:58.358  INFO 3760 --- [                main] o.s.b.SpringApplication                  (651 line): No active profile set, falling back to default profiles: default
2020-04-20 11:10:58.744  INFO 3760 --- [                main] .s.d.r.c.RepositoryConfigurationDelegate (127 line): Bootstrapping Spring Data JPA repositories in DEFAULT mode.
2020-04-20 11:10:58.759  INFO 3760 --- [                main] .s.d.r.c.RepositoryConfigurationDelegate (187 line): Finished Spring Data repository scanning in 9ms. Found 0 JPA repository interfaces.
2020-04-20 11:10:59.092  INFO 3760 --- [                main] o.s.b.w.e.t.TomcatWebServer              (92  line): Tomcat initialized with port(s): 8080 (http)
2020-04-20 11:10:59.098  INFO 3760 --- [                main] o.a.j.l.DirectJDKLog                     (173 line): Initializing ProtocolHandler ["http-nio-8080"]
2020-04-20 11:10:59.099  INFO 3760 --- [                main] o.a.j.l.DirectJDKLog                     (173 line): Starting service [Tomcat]
2020-04-20 11:10:59.099  INFO 3760 --- [                main] o.a.j.l.DirectJDKLog                     (173 line): Starting Servlet engine: [Apache Tomcat/9.0.33]
2020-04-20 11:10:59.174  INFO 3760 --- [                main] o.a.j.l.DirectJDKLog                     (173 line): Initializing Spring embedded WebApplicationContext
2020-04-20 11:10:59.174  INFO 3760 --- [                main] w.s.c.ServletWebServerApplicationContext (284 line): Root WebApplicationContext: initialization completed in 788 ms
2020-04-20 11:10:59.274  INFO 3760 --- [                main] o.h.j.i.u.LogHelper                      (31  line): HHH000204: Processing PersistenceUnitInfo [name: default]
2020-04-20 11:10:59.320  INFO 3760 --- [                main] o.h.Version                              (44  line): HHH000412: Hibernate ORM core version 5.4.12.Final
2020-04-20 11:10:59.447  INFO 3760 --- [                main] o.h.a.c.r.j.JavaReflectionManager        (49  line): HCANN000001: Hibernate Commons Annotations {5.1.0.Final}
2020-04-20 11:10:59.510  INFO 3760 --- [                main] c.z.h.HikariDataSource                   (110 line): HikariPool-1 - Starting...
2020-04-20 11:10:59.542  INFO 3760 --- [                main] c.z.h.HikariDataSource                   (123 line): HikariPool-1 - Start completed.
2020-04-20 11:10:59.553  INFO 3760 --- [                main] o.h.d.Dialect                            (172 line): HHH000400: Using dialect: org.hibernate.dialect.MySQL5Dialect
2020-04-20 11:10:59.662  INFO 3760 --- [                main] o.h.e.t.j.p.i.JtaPlatformInitiator       (52  line): HHH000490: Using JtaPlatform implementation: [org.hibernate.engine.transaction.jta.platform.internal.NoJtaPlatform]
2020-04-20 11:10:59.668  INFO 3760 --- [                main] o.s.o.j.AbstractEntityManagerFactoryBean (416 line): Initialized JPA EntityManagerFactory for persistence unit 'default'
2020-04-20 11:10:59.785  INFO 3760 --- [                main] o.s.s.c.ExecutorConfigurationSupport     (181 line): Initializing ExecutorService 'applicationTaskExecutor'
2020-04-20 11:10:59.907  INFO 3760 --- [                main] o.a.j.l.DirectJDKLog                     (173 line): Starting ProtocolHandler ["http-nio-8080"]
2020-04-20 11:10:59.922  INFO 3760 --- [                main] o.s.b.w.e.t.TomcatWebServer              (204 line): Tomcat started on port(s): 8080 (http) with context path ''
2020-04-20 11:10:59.924  INFO 3760 --- [                main] o.s.b.StartupInfoLogger                  (61  line): Started Application in 1.843 seconds (JVM running for 2.691)
2020-04-20 11:11:04.830  INFO 3760 --- [http-nio-8080-exec-1] o.a.j.l.DirectJDKLog                     (173 line): Initializing Spring DispatcherServlet 'dispatcherServlet'
2020-04-20 11:11:04.830  INFO 3760 --- [http-nio-8080-exec-1] o.s.w.s.FrameworkServlet                 (525 line): Initializing Servlet 'dispatcherServlet'
2020-04-20 11:11:04.834  INFO 3760 --- [http-nio-8080-exec-1] o.s.w.s.FrameworkServlet                 (547 line): Completed initialization in 4 ms
2020-04-20 11:11:04.883  INFO 3760 --- [http-nio-8080-exec-1] c.t.l.c.HelloController                  (30  line): Info log msg.
2020-04-20 11:11:04.883  WARN 3760 --- [http-nio-8080-exec-1] c.t.l.c.HelloController                  (31  line): Warn log msg.
2020-04-20 11:11:04.885  INFO 3760 --- [http-nio-8080-exec-1] c.t.l.c.HelloController                  (54  line): Exception info
2020-04-20 11:11:04.885  WARN 3760 --- [http-nio-8080-exec-1] c.t.l.c.HelloController                  (55  line): Exception warn
